Flutter crash report.
Please report a bug at https://github.com/flutter/flutter/issues.

## command

flutter --no-color run --machine --track-widget-creation --device-id=emulator-5556 --start-paused --dart-define=flutter.inspector.structuredErrors=true --devtools-server-address=http://127.0.0.1:9100 lib/main.dart

## exception

SentinelException: [Sentinel kind: Collected, valueAsString: <collected>] from getIsolate()

```
```

## flutter doctor

```
[✓] Flutter (Channel master, 2.1.0-13.0.pre.294, on macOS 11.3.1 20E241 darwin-x64, locale ko-KR)
    • Flutter version 2.1.0-13.0.pre.294 at /Users/igyuseog/tools/flutter
    • Framework revision a603714610 (6 weeks ago), 2021-03-28 03:54:02 -0700
    • Engine revision b5e15d055d
    • Dart version 2.13.0 (build 2.13.0-162.0.dev)

[✓] Android toolchain - develop for Android devices (Android SDK version 30.0.3)
    • Android SDK at /Users/igyuseog/Library/Android/sdk
    • Platform android-30, build-tools 30.0.3
    • Java binary at: /Applications/Android Studio.app/Contents/jre/jdk/Contents/Home/bin/java
    • Java version OpenJDK Runtime Environment (build 11.0.8+10-b944.6916264)
    • All Android licenses accepted.

[✓] Xcode - develop for iOS and macOS
    • Xcode at /Applications/Xcode.app/Contents/Developer
    • Xcode 12.5, Build version 12E262
    • CocoaPods version 1.10.1

[✓] Chrome - develop for the web
    • Chrome at /Applications/Google Chrome.app/Contents/MacOS/Google Chrome

[✓] Android Studio (version 4.2)
    • Android Studio at /Applications/Android Studio.app/Contents
    • Flutter plugin can be installed from:
      🔨 https://plugins.jetbrains.com/plugin/9212-flutter
    • Dart plugin can be installed from:
      🔨 https://plugins.jetbrains.com/plugin/6351-dart
    • Java version OpenJDK Runtime Environment (build 11.0.8+10-b944.6916264)

[✓] Android Studio (version 4.2)
    • Android Studio at /Applications/Android Studio 2.app/Contents
    • Flutter plugin can be installed from:
      🔨 https://plugins.jetbrains.com/plugin/9212-flutter
    • Dart plugin can be installed from:
      🔨 https://plugins.jetbrains.com/plugin/6351-dart
    • Java version OpenJDK Runtime Environment (build 11.0.8+10-b944.6916264)

[✓] Android Studio (version 4.2)
    • Android Studio at /Applications/Android Studio 3.app/Contents
    • Flutter plugin can be installed from:
      🔨 https://plugins.jetbrains.com/plugin/9212-flutter
    • Dart plugin can be installed from:
      🔨 https://plugins.jetbrains.com/plugin/6351-dart
    • Java version OpenJDK Runtime Environment (build 11.0.8+10-b944.6916264)

[✓] Android Studio (version 4.2)
    • Android Studio at /Applications/Android Studio 4.app/Contents
    • Flutter plugin can be installed from:
      🔨 https://plugins.jetbrains.com/plugin/9212-flutter
    • Dart plugin can be installed from:
      🔨 https://plugins.jetbrains.com/plugin/6351-dart
    • Java version OpenJDK Runtime Environment (build 11.0.8+10-b944.6916264)

[✓] IntelliJ IDEA Community Edition (version 2020.3.1)
    • IntelliJ at /Applications/IntelliJ IDEA CE.app
    • Flutter plugin can be installed from:
      🔨 https://plugins.jetbrains.com/plugin/9212-flutter
    • Dart plugin can be installed from:
      🔨 https://plugins.jetbrains.com/plugin/6351-dart

[✓] Connected device (2 available)
    • sdk gphone x86 arm (mobile) • emulator-5556 • android-x86    • Android 11 (API 30) (emulator)
    • Chrome (web)                • chrome        • web-javascript • Google Chrome 90.0.4430.93

• No issues found!
```
